e:\weiq1_0\debug\weiq1_0.pch
e:\weiq1_0\debug\vc120.pdb
e:\weiq1_0\debug\vc120.idb
e:\weiq1_0\debug\stdafx.obj
e:\weiq1_0\debug\mainfrm.obj
e:\weiq1_0\debug\mylist.obj
e:\weiq1_0\debug\myoutfunction.obj
e:\weiq1_0\debug\mystack.obj
e:\weiq1_0\debug\player.obj
e:\weiq1_0\debug\weiq1_0.obj
e:\weiq1_0\debug\weiq1_0doc.obj
e:\weiq1_0\debug\weiq1_0view.obj
e:\weiq1_0\debug\weiq1_0.res
e:\weiq1_0\.\debug\weiq1_0.exe
e:\weiq1_0\debug\weiq1_0.tlog\cl.command.1.tlog
e:\weiq1_0\debug\weiq1_0.tlog\cl.read.1.tlog
e:\weiq1_0\debug\weiq1_0.tlog\cl.write.1.tlog
e:\weiq1_0\debug\weiq1_0.tlog\link.command.1.tlog
e:\weiq1_0\debug\weiq1_0.tlog\link.read.1.tlog
e:\weiq1_0\debug\weiq1_0.tlog\link.write.1.tlog
e:\weiq1_0\debug\weiq1_0.tlog\rc.command.1.tlog
e:\weiq1_0\debug\weiq1_0.tlog\rc.read.1.tlog
e:\weiq1_0\debug\weiq1_0.tlog\rc.write.1.tlog
